TN:
SF:src\controllers\api.controller.ts
FN:15,(anonymous_0)
FN:36,(anonymous_1)
FNF:2
FNH:2
FNDA:1,(anonymous_0)
FNDA:1,(anonymous_1)
DA:2,2
DA:3,2
DA:4,2
DA:6,2
DA:7,2
DA:15,2
DA:16,1
DA:17,1
DA:19,1
DA:20,0
DA:23,1
DA:24,1
DA:26,0
DA:36,2
DA:37,1
DA:38,1
DA:40,1
DA:41,0
DA:44,1
DA:45,1
DA:47,0
LF:21
LH:17
BRDA:19,0,0,0
BRDA:40,1,0,0
BRDA:44,2,0,1
BRDA:44,2,1,0
BRDA:44,3,0,1
BRDA:44,3,1,1
BRF:6
BRH:3
end_of_record
TN:
SF:src\middleware\errorHandler.ts
FN:7,(anonymous_0)
FN:24,(anonymous_1)
FNF:2
FNH:0
FNDA:0,(anonymous_0)
FNDA:0,(anonymous_1)
DA:3,2
DA:8,0
DA:9,0
DA:10,0
DA:11,0
DA:24,2
DA:25,0
DA:26,0
DA:29,0
DA:35,0
DA:37,0
LF:11
LH:2
BRDA:7,0,0,0
BRDA:25,1,0,0
BRDA:25,1,1,0
BRDA:26,2,0,0
BRDA:26,2,1,0
BRDA:32,3,0,0
BRDA:32,3,1,0
BRF:7
BRH:0
end_of_record
TN:
SF:src\middleware\security.middleware.ts
FN:5,(anonymous_1)
FN:5,(anonymous_2)
FNF:2
FNH:2
FNDA:4,(anonymous_1)
FNDA:5,(anonymous_2)
DA:3,2
DA:5,4
DA:6,5
DA:7,5
DA:8,2
DA:10,3
DA:14,2
DA:22,2
LF:8
LH:8
BRF:0
BRH:0
end_of_record
TN:
SF:src\services\eligibilityEngine.ts
FN:9,(anonymous_0)
FNF:1
FNH:1
FNDA:7,(anonymous_0)
DA:1,1
DA:10,7
DA:12,7
DA:13,7
DA:14,7
DA:16,7
LF:6
LH:6
BRDA:12,0,0,3
BRDA:12,1,0,7
BRDA:12,1,1,6
BRDA:13,2,0,3
BRDA:14,3,0,3
BRDA:19,4,0,2
BRDA:19,4,1,5
BRF:7
BRH:7
end_of_record
TN:
SF:src\services\geminiService.ts
FN:24,(anonymous_0)
FN:41,(anonymous_1)
FN:79,(anonymous_2)
FN:80,(anonymous_3)
FN:91,(anonymous_4)
FN:92,(anonymous_5)
FN:103,(anonymous_6)
FNF:7
FNH:6
FNDA:9,(anonymous_0)
FNDA:8,(anonymous_1)
FNDA:6,(anonymous_2)
FNDA:0,(anonymous_3)
FNDA:8,(anonymous_4)
FNDA:36,(anonymous_5)
FNDA:5,(anonymous_6)
DA:1,2
DA:2,2
DA:3,2
DA:21,2
DA:25,9
DA:26,9
DA:27,0
DA:29,9
DA:42,8
DA:43,1
DA:46,7
DA:47,7
DA:48,7
DA:49,7
DA:51,7
DA:52,1
DA:55,6
DA:60,6
DA:61,6
DA:63,6
DA:64,1
DA:66,1
DA:67,1
DA:70,5
DA:80,6
DA:92,36
DA:104,5
DA:106,5
DA:107,1
DA:110,4
DA:111,1
DA:114,3
DA:115,2
DA:116,2
DA:117,2
DA:118,2
DA:119,1
DA:121,1
DA:125,1
LF:39
LH:38
BRDA:25,0,0,9
BRDA:25,0,1,0
BRDA:26,1,0,0
BRDA:41,2,0,6
BRDA:41,3,0,8
BRDA:42,4,0,1
BRDA:47,5,0,7
BRDA:47,5,1,5
BRDA:51,6,0,1
BRDA:57,7,0,6
BRDA:57,7,1,6
BRDA:80,8,0,6
BRDA:80,8,1,0
BRDA:81,9,0,0
BRDA:81,9,1,0
BRDA:81,10,0,0
BRDA:81,10,1,0
BRDA:82,11,0,0
BRDA:82,11,1,0
BRDA:82,11,2,0
BRDA:82,12,0,0
BRDA:82,12,1,0
BRDA:104,13,0,5
BRDA:104,13,1,3
BRDA:106,14,0,1
BRDA:110,15,0,1
BRDA:114,16,0,2
BRF:27
BRH:15
end_of_record
TN:
SF:src\services\ragPipeline.ts
FN:12,(anonymous_0)
FNF:1
FNH:1
FNDA:6,(anonymous_0)
DA:1,1
DA:6,1
DA:13,6
DA:14,2
DA:17,4
DA:18,4
DA:19,4
DA:21,3
DA:22,1
DA:25,2
DA:27,2
DA:28,2
LF:12
LH:12
BRDA:13,0,0,2
BRDA:13,1,0,6
BRDA:13,1,1,5
BRDA:21,2,0,1
BRDA:21,3,0,3
BRDA:21,3,1,3
BRF:6
BRH:6
end_of_record
TN:
SF:src\services\reminderSystem.ts
FN:10,(anonymous_0)
FN:32,(anonymous_1)
FNF:2
FNH:2
FNDA:4,(anonymous_0)
FNDA:3,(anonymous_1)
DA:1,1
DA:6,1
DA:11,4
DA:12,1
DA:15,3
DA:16,1
DA:19,2
DA:20,2
DA:21,1
DA:22,1
DA:24,1
DA:25,1
DA:33,3
DA:34,1
DA:37,2
DA:38,2
DA:39,1
DA:40,1
DA:42,1
DA:43,1
LF:20
LH:20
BRDA:11,0,0,1
BRDA:11,1,0,4
BRDA:11,1,1,3
BRDA:11,1,2,3
BRDA:15,2,0,1
BRDA:33,3,0,1
BRDA:33,4,0,3
BRDA:33,4,1,2
BRF:8
BRH:8
end_of_record
TN:
SF:src\services\voterProfileService.ts
FN:39,generateProfileFromUser
FN:85,(anonymous_1)
FN:114,(anonymous_2)
FN:124,(anonymous_3)
FN:135,(anonymous_4)
FN:143,(anonymous_5)
FNF:6
FNH:3
FNDA:1,generateProfileFromUser
FNDA:8,(anonymous_1)
FNDA:1,(anonymous_2)
FNDA:0,(anonymous_3)
FNDA:0,(anonymous_4)
FNDA:0,(anonymous_5)
DA:33,2
DA:41,1
DA:85,8
DA:86,1
DA:88,1
DA:89,1
DA:91,1
DA:110,2
DA:115,1
DA:116,1
DA:118,1
DA:126,0
DA:136,0
DA:137,0
DA:144,0
DA:145,0
LF:16
LH:11
BRDA:88,0,0,1
BRDA:88,0,1,0
BRDA:92,1,0,1
BRDA:92,1,1,0
BRDA:115,2,0,1
BRF:5
BRH:3
end_of_record
